<?xml version="1.0" encoding="UTF-8"?>
<testng-results skipped="0" failed="0" ignored="0" total="1" passed="1">
  <reporter-output>
  </reporter-output>
  <suite name="Suite" duration-ms="2749" started-at="2018-01-28T12:41:48Z" finished-at="2018-01-28T12:41:50Z">
    <groups>
    </groups>
    <test name="Test" duration-ms="2749" started-at="2018-01-28T12:41:48Z" finished-at="2018-01-28T12:41:50Z">
      <class name="qsp.DemoA">
        <test-method status="PASS" signature="testA()[pri:0, instance:qsp.DemoA@59a6e353]" name="testA" duration-ms="2718" started-at="2018-01-28T18:11:48Z" finished-at="2018-01-28T18:11:50Z">
          <reporter-output>
          </reporter-output>
        </test-method> <!-- testA -->
      </class> <!-- qsp.DemoA -->
    </test> <!-- Test -->
  </suite> <!-- Suite -->
</testng-results>
